#
# There is insufficient memory for the Java Runtime Environment to continue.
# Native memory allocation (mmap) failed to map 1209008128 bytes for committing reserved memory.
# Possible reasons:
#   The system is out of physical RAM or swap space
#   In 32 bit mode, the process size limit was hit
# Possible solutions:
#   Reduce memory load on the system
#   Increase physical memory or swap space
#   Check if swap backing store is full
#   Use 64 bit Java on a 64 bit OS
#   Decrease Java heap size (-Xmx/-Xms)
#   Decrease number of Java threads
#   Decrease Java thread stack sizes (-Xss)
#   Set larger code cache with -XX:ReservedCodeCacheSize=
# This output file may be truncated or incomplete.
#
#  Out of Memory Error (os_linux.cpp:2640), pid=29598, tid=0x00007f71542e3700
#
# JRE version: Java(TM) SE Runtime Environment (8.0_151-b12) (build 1.8.0_151-b12)
# Java VM: Java HotSpot(TM) 64-Bit Server VM (25.151-b12 mixed mode linux-amd64 compressed oops)
# Failed to write core dump. Core dumps have been disabled. To enable core dumping, try "ulimit -c unlimited" before starting Java again
#

---------------  T H R E A D  ---------------

Current thread (0x00007f71681c8800):  VMThread [stack: 0x00007f71541e3000,0x00007f71542e4000] [id=29617]

Stack: [0x00007f71541e3000,0x00007f71542e4000],  sp=0x00007f71542e20a0,  free space=1020k
Native frames: (J=compiled Java code, j=interpreted, Vv=VM code, C=native code)
V  [libjvm.so+0xacb58a]  VMError::report_and_die()+0x2ba
V  [libjvm.so+0x4ff4ab]  report_vm_out_of_memory(char const*, int, unsigned long, VMErrorType, char const*)+0x8b
V  [libjvm.so+0x928113]  os::Linux::commit_memory_impl(char*, unsigned long, bool)+0x103
V  [libjvm.so+0x928669]  os::pd_commit_memory(char*, unsigned long, unsigned long, bool)+0x29
V  [libjvm.so+0x92288a]  os::commit_memory(char*, unsigned long, unsigned long, bool)+0x2a
V  [libjvm.so+0x9973e3]  PSVirtualSpace::expand_by(unsigned long)+0x53
V  [libjvm.so+0x987ca0]  PSOldGen::expand(unsigned long)+0x170
V  [libjvm.so+0x987eab]  PSOldGen::resize(unsigned long)+0x1cb
V  [libjvm.so+0x98fbb1]  PSParallelCompact::invoke_no_policy(bool)+0x991
V  [libjvm.so+0x99550d]  PSScavenge::invoke()+0x1ad
V  [libjvm.so+0x94c0d0]  ParallelScavengeHeap::failed_mem_allocate(unsigned long)+0x70
V  [libjvm.so+0xaccfa7]  VM_ParallelGCFailedAllocation::doit()+0x97
V  [libjvm.so+0xad4a85]  VM_Operation::evaluate()+0x55
V  [libjvm.so+0xad2e5a]  VMThread::evaluate_operation(VM_Operation*)+0xba
V  [libjvm.so+0xad31de]  VMThread::loop()+0x1ce
V  [libjvm.so+0xad3650]  VMThread::run()+0x70
V  [libjvm.so+0x92a728]  java_start(Thread*)+0x108

VM_Operation (0x00007f712fcebfd0): ParallelGCFailedAllocation, mode: safepoint, requested by thread 0x00007f7168319800


---------------  P R O C E S S  ---------------

Java Threads: ( => current thread )
  0x00007f716800b800 JavaThread "DestroyJavaVM" [_thread_blocked, id=29604, stack(0x00007f717001f000,0x00007f7170120000)]
  0x00007f7168319800 JavaThread "Thread-2" [_thread_blocked, id=29681, stack(0x00007f712fbed000,0x00007f712fcee000)]
  0x00007f71682df800 JavaThread "server-timer" daemon [_thread_blocked, id=29628, stack(0x00007f712fcee000,0x00007f712fdef000)]
  0x00007f71682a5000 JavaThread "Service Thread" daemon [_thread_blocked, id=29626, stack(0x00007f7144155000,0x00007f7144256000)]
  0x00007f71682a2000 JavaThread "C1 CompilerThread3" daemon [_thread_blocked, id=29625, stack(0x00007f7144256000,0x00007f7144357000)]
  0x00007f71682a0000 JavaThread "C2 CompilerThread2" daemon [_thread_blocked, id=29624, stack(0x00007f7144357000,0x00007f7144458000)]
  0x00007f716829e000 JavaThread "C2 CompilerThread1" daemon [_thread_blocked, id=29623, stack(0x00007f7147670000,0x00007f7147771000)]
  0x00007f716829c800 JavaThread "C2 CompilerThread0" daemon [_thread_blocked, id=29622, stack(0x00007f7147771000,0x00007f7147872000)]
  0x00007f716829a800 JavaThread "Monitor Ctrl-Break" daemon [_thread_in_native, id=29621, stack(0x00007f7147872000,0x00007f7147973000)]
  0x00007f7168208000 JavaThread "Signal Dispatcher" daemon [_thread_blocked, id=29620, stack(0x00007f7147973000,0x00007f7147a74000)]
  0x00007f71681d4800 JavaThread "Finalizer" daemon [_thread_blocked, id=29619, stack(0x00007f7147eff000,0x00007f7148000000)]
  0x00007f71681d0000 JavaThread "Reference Handler" daemon [_thread_blocked, id=29618, stack(0x00007f71540e2000,0x00007f71541e3000)]

Other Threads:
=>0x00007f71681c8800 VMThread [stack: 0x00007f71541e3000,0x00007f71542e4000] [id=29617]
  0x00007f71682aa800 WatcherThread [stack: 0x00007f7144054000,0x00007f7144155000] [id=29627]

VM state:at safepoint (normal execution)

VM Mutex/Monitor currently owned by a thread:  ([mutex/lock_event])
[0x00007f71680072b0] ExpandHeap_lock - owner thread: 0x00007f71681c8800
[0x00007f7168007930] Threads_lock - owner thread: 0x00007f71681c8800
[0x00007f7168007e30] Heap_lock - owner thread: 0x00007f7168319800

Heap:
 PSYoungGen      total 1864192K, used 0K [0x0000000715580000, 0x00000007c0000000, 0x00000007c0000000)
  eden space 932352K, 0% used [0x0000000715580000,0x0000000715580000,0x000000074e400000)
  from space 931840K, 0% used [0x0000000787200000,0x0000000787200000,0x00000007c0000000)
  to   space 931840K, 0% used [0x000000074e400000,0x000000074e400000,0x0000000787200000)
 ParOldGen       total 4089856K, used 4084745K [0x00000005c0000000, 0x00000006b9a00000, 0x0000000715580000)
  object space 4089856K, 99% used [0x00000005c0000000,0x00000006b9502510,0x00000006b9a00000)
 Metaspace       used 7418K, capacity 7554K, committed 7808K, reserved 1056768K
  class space    used 820K, capacity 895K, committed 896K, reserved 1048576K

Card table byte_map: [0x00007f7157fff000,0x00007f7159000000] byte_map_base: 0x00007f71551ff000

Marking Bits: (ParMarkBitMap*) 0x00007f716f4f1f80
 Begin Bits: [0x00007f7130000000, 0x00007f7138000000)
 End Bits:   [0x00007f7138000000, 0x00007f7140000000)

Polling page: 0x00007f7170142000

CodeCache: size=245760Kb used=3546Kb max_used=3546Kb free=242213Kb
 bounds [0x00007f7159000000, 0x00007f7159380000, 0x00007f7168000000]
 total_blobs=1176 nmethods=859 adapters=231
 compilation: enabled

Compilation events (10 events):
Event: 202.074 Thread 0x00007f71682a2000  856       3       nyu.edu.wse.hw.util.BM25Calculator::calculate (61 bytes)
Event: 202.074 Thread 0x00007f71682a2000 nmethod 856 0x00007f7159377150 code [0x00007f7159377320, 0x00007f7159377978]
Event: 202.399 Thread 0x00007f71682a2000  857       3       java.lang.Integer::getChars (131 bytes)
Event: 202.400 Thread 0x00007f71682a2000 nmethod 857 0x00007f7159377bd0 code [0x00007f7159377d80, 0x00007f7159378210]
Event: 202.933 Thread 0x00007f71682a2000  858       3       nyu.edu.wse.hw.domain.QueryResult::<init> (15 bytes)
Event: 202.934 Thread 0x00007f71682a2000 nmethod 858 0x00007f7159378650 code [0x00007f71593787c0, 0x00007f7159378970]
Event: 202.934 Thread 0x00007f71682a2000  859       3       java.util.PriorityQueue::add (6 bytes)
Event: 202.934 Thread 0x00007f71682a2000 nmethod 859 0x00007f7159378a50 code [0x00007f7159378bc0, 0x00007f7159378d68]
Event: 202.934 Thread 0x00007f71682a2000  860       3       java.util.PriorityQueue::offer (72 bytes)
Event: 202.934 Thread 0x00007f71682a2000 nmethod 860 0x00007f7159378e10 code [0x00007f7159378fe0, 0x00007f7159379598]

GC Heap History (10 events):
Event: 41.506 GC heap after
Heap after GC invocations=33 (full 6):
 PSYoungGen      total 1824256K, used 654431K [0x0000000715580000, 0x00000007c0000000, 0x00000007c0000000)
  eden space 950272K, 0% used [0x0000000715580000,0x0000000715580000,0x000000074f580000)
  from space 873984K, 74% used [0x000000074f580000,0x0000000777497f80,0x0000000784b00000)
  to   space 929792K, 0% used [0x0000000787400000,0x0000000787400000,0x00000007c0000000)
 ParOldGen       total 3112448K, used 2628009K [0x00000005c0000000, 0x000000067df80000, 0x0000000715580000)
  object space 3112448K, 84% used [0x00000005c0000000,0x000000066066a6b0,0x000000067df80000)
 Metaspace       used 6006K, capacity 6146K, committed 6400K, reserved 1056768K
  class space    used 658K, capacity 703K, committed 768K, reserved 1048576K
}
Event: 48.349 GC heap before
{Heap before GC invocations=34 (full 6):
 PSYoungGen      total 1824256K, used 1604703K [0x0000000715580000, 0x00000007c0000000, 0x00000007c0000000)
  eden space 950272K, 100% used [0x0000000715580000,0x000000074f580000,0x000000074f580000)
  from space 873984K, 74% used [0x000000074f580000,0x0000000777497f80,0x0000000784b00000)
  to   space 929792K, 0% used [0x0000000787400000,0x0000000787400000,0x00000007c0000000)
 ParOldGen       total 3112448K, used 2628009K [0x00000005c0000000, 0x000000067df80000, 0x0000000715580000)
  object space 3112448K, 84% used [0x00000005c0000000,0x000000066066a6b0,0x000000067df80000)
 Metaspace       used 6006K, capacity 6146K, committed 6400K, reserved 1056768K
  class space    used 658K, capacity 703K, committed 768K, reserved 1048576K
Event: 49.582 GC heap after
Heap after GC invocations=34 (full 6):
 PSYoungGen      total 1862144K, used 929776K [0x0000000715580000, 0x00000007c0000000, 0x00000007c0000000)
  eden space 932352K, 0% used [0x0000000715580000,0x0000000715580000,0x000000074e400000)
  from space 929792K, 99% used [0x0000000787400000,0x00000007bfffc318,0x00000007c0000000)
  to   space 931840K, 0% used [0x000000074e400000,0x000000074e400000,0x0000000787200000)
 ParOldGen       total 3112448K, used 2800598K [0x00000005c0000000, 0x000000067df80000, 0x0000000715580000)
  object space 3112448K, 89% used [0x00000005c0000000,0x000000066aef5ad0,0x000000067df80000)
 Metaspace       used 6006K, capacity 6146K, committed 6400K, reserved 1056768K
  class space    used 658K, capacity 703K, committed 768K, reserved 1048576K
}
Event: 49.582 GC heap before
{Heap before GC invocations=35 (full 7):
 PSYoungGen      total 1862144K, used 929776K [0x0000000715580000, 0x00000007c0000000, 0x00000007c0000000)
  eden space 932352K, 0% used [0x0000000715580000,0x0000000715580000,0x000000074e400000)
  from space 929792K, 99% used [0x0000000787400000,0x00000007bfffc318,0x00000007c0000000)
  to   space 931840K, 0% used [0x000000074e400000,0x000000074e400000,0x0000000787200000)
 ParOldGen       total 3112448K, used 2800598K [0x00000005c0000000, 0x000000067df80000, 0x0000000715580000)
  object space 3112448K, 89% used [0x00000005c0000000,0x000000066aef5ad0,0x000000067df80000)
 Metaspace       used 6006K, capacity 6146K, committed 6400K, reserved 1056768K
  class space    used 658K, capacity 703K, committed 768K, reserved 1048576K
Event: 61.259 GC heap after
Heap after GC invocations=35 (full 7):
 PSYoungGen      total 1862144K, used 614528K [0x0000000715580000, 0x00000007c0000000, 0x00000007c0000000)
  eden space 932352K, 0% used [0x0000000715580000,0x0000000715580000,0x000000074e400000)
  from space 929792K, 66% used [0x0000000787400000,0x00000007acc20118,0x00000007c0000000)
  to   space 931840K, 0% used [0x000000074e400000,0x000000074e400000,0x0000000787200000)
 ParOldGen       total 4089856K, used 3112139K [0x00000005c0000000, 0x00000006b9a00000, 0x0000000715580000)
  object space 4089856K, 76% used [0x00000005c0000000,0x000000067df32d00,0x00000006b9a00000)
 Metaspace       used 6006K, capacity 6146K, committed 6400K, reserved 1056768K
  class space    used 658K, capacity 703K, committed 768K, reserved 1048576K
}
Event: 68.197 GC heap before
{Heap before GC invocations=36 (full 7):
 PSYoungGen      total 1862144K, used 1546880K [0x0000000715580000, 0x00000007c0000000, 0x00000007c0000000)
  eden space 932352K, 100% used [0x0000000715580000,0x000000074e400000,0x000000074e400000)
  from space 929792K, 66% used [0x0000000787400000,0x00000007acc20118,0x00000007c0000000)
  to   space 931840K, 0% used [0x000000074e400000,0x000000074e400000,0x0000000787200000)
 ParOldGen       total 4089856K, used 3112139K [0x00000005c0000000, 0x00000006b9a00000, 0x0000000715580000)
  object space 4089856K, 76% used [0x00000005c0000000,0x000000067df32d00,0x00000006b9a00000)
 Metaspace       used 6006K, capacity 6146K, committed 6400K, reserved 1056768K
  class space    used 658K, capacity 703K, committed 768K, reserved 1048576K
Event: 69.303 GC heap after
Heap after GC invocations=36 (full 7):
 PSYoungGen      total 1864192K, used 877222K [0x0000000715580000, 0x00000007c0000000, 0x00000007c0000000)
  eden space 932352K, 0% used [0x0000000715580000,0x0000000715580000,0x000000074e400000)
  from space 931840K, 94% used [0x000000074e400000,0x0000000783ca9ac8,0x0000000787200000)
  to   space 931840K, 0% used [0x0000000787200000,0x0000000787200000,0x00000007c0000000)
 ParOldGen       total 4089856K, used 3341044K [0x00000005c0000000, 0x00000006b9a00000, 0x0000000715580000)
  object space 4089856K, 81% used [0x00000005c0000000,0x000000068bebd100,0x00000006b9a00000)
 Metaspace       used 6006K, capacity 6146K, committed 6400K, reserved 1056768K
  class space    used 658K, capacity 703K, committed 768K, reserved 1048576K
}
Event: 203.546 GC heap before
{Heap before GC invocations=37 (full 7):
 PSYoungGen      total 1864192K, used 1809574K [0x0000000715580000, 0x00000007c0000000, 0x00000007c0000000)
  eden space 932352K, 100% used [0x0000000715580000,0x000000074e400000,0x000000074e400000)
  from space 931840K, 94% used [0x000000074e400000,0x0000000783ca9ac8,0x0000000787200000)
  to   space 931840K, 0% used [0x0000000787200000,0x0000000787200000,0x00000007c0000000)
 ParOldGen       total 4089856K, used 3341044K [0x00000005c0000000, 0x00000006b9a00000, 0x0000000715580000)
  object space 4089856K, 81% used [0x00000005c0000000,0x000000068bebd100,0x00000006b9a00000)
 Metaspace       used 7418K, capacity 7554K, committed 7808K, reserved 1056768K
  class space    used 820K, capacity 895K, committed 896K, reserved 1048576K
Event: 204.440 GC heap after
Heap after GC invocations=37 (full 7):
 PSYoungGen      total 1864192K, used 511303K [0x0000000715580000, 0x00000007c0000000, 0x00000007c0000000)
  eden space 932352K, 0% used [0x0000000715580000,0x0000000715580000,0x000000074e400000)
  from space 931840K, 54% used [0x0000000787200000,0x00000007a6551f00,0x00000007c0000000)
  to   space 931840K, 0% used [0x000000074e400000,0x000000074e400000,0x0000000787200000)
 ParOldGen       total 4089856K, used 3730139K [0x00000005c0000000, 0x00000006b9a00000, 0x0000000715580000)
  object space 4089856K, 91% used [0x00000005c0000000,0x00000006a3ab6dc8,0x00000006b9a00000)
 Metaspace       used 7418K, capacity 7554K, committed 7808K, reserved 1056768K
  class space    used 820K, capacity 895K, committed 896K, reserved 1048576K
}
Event: 204.440 GC heap before
{Heap before GC invocations=38 (full 8):
 PSYoungGen      total 1864192K, used 511303K [0x0000000715580000, 0x00000007c0000000, 0x00000007c0000000)
  eden space 932352K, 0% used [0x0000000715580000,0x0000000715580000,0x000000074e400000)
  from space 931840K, 54% used [0x0000000787200000,0x00000007a6551f00,0x00000007c0000000)
  to   space 931840K, 0% used [0x000000074e400000,0x000000074e400000,0x0000000787200000)
 ParOldGen       total 4089856K, used 3730139K [0x00000005c0000000, 0x00000006b9a00000, 0x0000000715580000)
  object space 4089856K, 91% used [0x00000005c0000000,0x00000006a3ab6dc8,0x00000006b9a00000)
 Metaspace       used 7418K, capacity 7554K, committed 7808K, reserved 1056768K
  class space    used 820K, capacity 895K, committed 896K, reserved 1048576K

Deoptimization events (10 events):
Event: 200.591 Thread 0x00007f7168319800 Uncommon trap: reason=unstable_if action=reinterpret pc=0x00007f71591c8d2c method=sun.nio.cs.UTF_8$Decoder.xflow(Ljava/nio/Buffer;IILjava/nio/Buffer;II)Ljava/nio/charset/CoderResult; @ 10
Event: 200.591 Thread 0x00007f7168319800 Uncommon trap: reason=unstable_if action=reinterpret pc=0x00007f71592b13b4 method=java.nio.charset.CoderResult.isOverflow()Z @ 5
Event: 200.669 Thread 0x00007f7168319800 Uncommon trap: reason=unstable_if action=reinterpret pc=0x00007f71591829bc method=sun.nio.cs.UTF_8$Decoder.decodeArrayLoop(Ljava/nio/ByteBuffer;Ljava/nio/CharBuffer;)Ljava/nio/charset/CoderResult; @ 84
Event: 201.634 Thread 0x00007f7168319800 Uncommon trap: reason=class_check action=maybe_recompile pc=0x00007f71591ab1ec method=java.util.HashMap.putVal(ILjava/lang/Object;Ljava/lang/Object;ZZ)Ljava/lang/Object; @ 56
Event: 201.635 Thread 0x00007f7168319800 Uncommon trap: reason=unstable_if action=reinterpret pc=0x00007f71591ab2d0 method=java.util.HashMap.putVal(ILjava/lang/Object;Ljava/lang/Object;ZZ)Ljava/lang/Object; @ 81
Event: 201.692 Thread 0x00007f7168319800 Uncommon trap: reason=unstable_if action=reinterpret pc=0x00007f71593419a4 method=sun.nio.cs.UTF_8$Encoder.encode([CII[B)I @ 33
Event: 201.695 Thread 0x00007f7168319800 Uncommon trap: reason=unstable_if action=reinterpret pc=0x00007f71593413c0 method=java.lang.String.replace(CC)Ljava/lang/String; @ 26
Event: 201.696 Thread 0x00007f7168319800 Uncommon trap: reason=unstable_if action=reinterpret pc=0x00007f7159260100 method=java.lang.reflect.Constructor.newInstance([Ljava/lang/Object;)Ljava/lang/Object; @ 69
Event: 201.700 Thread 0x00007f7168319800 Uncommon trap: reason=class_check action=maybe_recompile pc=0x00007f71592b20b8 method=java.io.BufferedOutputStream.flushBuffer()V @ 20
Event: 201.704 Thread 0x00007f7168319800 Uncommon trap: reason=unstable_if action=reinterpret pc=0x00007f71592b7ba4 method=java.lang.Integer.getChars(II[C)V @ 7

Internal exceptions (10 events):
Event: 0.150 Thread 0x00007f716800b800 Exception <a 'java/security/PrivilegedActionException'> (0x0000000715847330) thrown at [/HUDSON/workspace/8-2-build-linux-amd64/jdk8u151/9699/hotspot/src/share/vm/prims/jvm.cpp, line 1390]
Event: 0.150 Thread 0x00007f716800b800 Exception <a 'java/security/PrivilegedActionException'> (0x0000000715849798) thrown at [/HUDSON/workspace/8-2-build-linux-amd64/jdk8u151/9699/hotspot/src/share/vm/prims/jvm.cpp, line 1390]
Event: 0.150 Thread 0x00007f716800b800 Exception <a 'java/security/PrivilegedActionException'> (0x00000007158499a8) thrown at [/HUDSON/workspace/8-2-build-linux-amd64/jdk8u151/9699/hotspot/src/share/vm/prims/jvm.cpp, line 1390]
Event: 39.992 Thread 0x00007f716800b800 Exception <a 'java/lang/NoSuchFieldError': method resolution failed> (0x000000074a009210) thrown at [/HUDSON/workspace/8-2-build-linux-amd64/jdk8u151/9699/hotspot/src/share/vm/prims/methodHandles.cpp, line 1146]
Event: 39.993 Thread 0x00007f716800b800 Exception <a 'java/lang/NoSuchFieldError': method resolution failed> (0x000000074a017058) thrown at [/HUDSON/workspace/8-2-build-linux-amd64/jdk8u151/9699/hotspot/src/share/vm/prims/methodHandles.cpp, line 1146]
Event: 201.682 Thread 0x00007f7168319800 Exception <a 'java/lang/ArrayIndexOutOfBoundsException': 18> (0x00000007443b5b58) thrown at [/HUDSON/workspace/8-2-build-linux-amd64/jdk8u151/9699/hotspot/src/share/vm/interpreter/interpreterRuntime.cpp, line 366]
Event: 201.682 Thread 0x00007f7168319800 Exception <a 'java/lang/ArrayIndexOutOfBoundsException': 139> (0x00000007443b8488) thrown at [/HUDSON/workspace/8-2-build-linux-amd64/jdk8u151/9699/hotspot/src/share/vm/interpreter/interpreterRuntime.cpp, line 366]
Event: 201.683 Thread 0x00007f7168319800 Exception <a 'java/lang/ArrayIndexOutOfBoundsException'> (0x00000007443be970) thrown at [/HUDSON/workspace/8-2-build-linux-amd64/jdk8u151/9699/hotspot/src/share/vm/runtime/sharedRuntime.cpp, line 605]
Event: 201.683 Thread 0x00007f7168319800 Exception <a 'java/lang/ArrayIndexOutOfBoundsException'> (0x00000007443bfed8) thrown at [/HUDSON/workspace/8-2-build-linux-amd64/jdk8u151/9699/hotspot/src/share/vm/runtime/sharedRuntime.cpp, line 605]
Event: 201.696 Thread 0x00007f7168319800 Implicit null exception at 0x00007f715925ff67 to 0x00007f71592600f1

Events (10 events):
Event: 201.700 Thread 0x00007f7168319800 DEOPT PACKING pc=0x00007f71592b20b8 sp=0x00007f712fcec280
Event: 201.700 Thread 0x00007f7168319800 DEOPT UNPACKING pc=0x00007f7159005229 sp=0x00007f712fcec1d8 mode 2
Event: 201.700 loading class sun/net/httpserver/WriteFinishedEvent
Event: 201.700 loading class sun/net/httpserver/Event
Event: 201.700 loading class sun/net/httpserver/Event done
Event: 201.700 loading class sun/net/httpserver/WriteFinishedEvent done
Event: 201.704 Thread 0x00007f7168319800 Uncommon trap: trap_request=0xffffff65 fr.pc=0x00007f71592b7ba4
Event: 201.704 Thread 0x00007f7168319800 DEOPT PACKING pc=0x00007f71592b7ba4 sp=0x00007f712fcec1b0
Event: 201.704 Thread 0x00007f7168319800 DEOPT UNPACKING pc=0x00007f7159005229 sp=0x00007f712fcec150 mode 2
Event: 203.546 Executing VM operation: ParallelGCFailedAllocation


Dynamic libraries:
00400000-00401000 r-xp 00000000 103:05 3683750                           /usr/lib/jvm/java-8-oracle/bin/java
00600000-00601000 rw-p 00000000 103:05 3683750                           /usr/lib/jvm/java-8-oracle/bin/java
01908000-01929000 rw-p 00000000 00:00 0                                  [heap]
5c0000000-6b9a00000 rw-p 00000000 00:00 0 
701b00000-715580000 ---p 00000000 00:00 0 
715580000-7c0000000 rw-p 00000000 00:00 0 
7c0000000-7c00e0000 rw-p 00000000 00:00 0 
7c00e0000-800000000 ---p 00000000 00:00 0 
7f70e0000000-7f70e02a6000 rw-p 00000000 00:00 0 
7f70e02a6000-7f70e4000000 ---p 00000000 00:00 0 
7f70e8000000-7f70e8021000 rw-p 00000000 00:00 0 
7f70e8021000-7f70ec000000 ---p 00000000 00:00 0 
7f70ec000000-7f70ec021000 rw-p 00000000 00:00 0 
7f70ec021000-7f70f0000000 ---p 00000000 00:00 0 
7f70f0000000-7f70f01ed000 rw-p 00000000 00:00 0 
7f70f01ed000-7f70f4000000 ---p 00000000 00:00 0 
7f70f4000000-7f70f4021000 rw-p 00000000 00:00 0 
7f70f4021000-7f70f8000000 ---p 00000000 00:00 0 
7f70f8000000-7f70f82e0000 rw-p 00000000 00:00 0 
7f70f82e0000-7f70fc000000 ---p 00000000 00:00 0 
7f70fc000000-7f70fc322000 rw-p 00000000 00:00 0 
7f70fc322000-7f7100000000 ---p 00000000 00:00 0 
7f7100000000-7f7100021000 rw-p 00000000 00:00 0 
7f7100021000-7f7104000000 ---p 00000000 00:00 0 
7f7104000000-7f710440a000 rw-p 00000000 00:00 0 
7f710440a000-7f7108000000 ---p 00000000 00:00 0 
7f7108000000-7f7108021000 rw-p 00000000 00:00 0 
7f7108021000-7f710c000000 ---p 00000000 00:00 0 
7f710c000000-7f710c021000 rw-p 00000000 00:00 0 
7f710c021000-7f7110000000 ---p 00000000 00:00 0 
7f7110000000-7f7110290000 rw-p 00000000 00:00 0 
7f7110290000-7f7114000000 ---p 00000000 00:00 0 
7f7114000000-7f7114021000 rw-p 00000000 00:00 0 
7f7114021000-7f7118000000 ---p 00000000 00:00 0 
7f7118000000-7f71198d8000 rw-p 00000000 00:00 0 
7f71198d8000-7f711c000000 ---p 00000000 00:00 0 
7f711c000000-7f711d18d000 rw-p 00000000 00:00 0 
7f711d18d000-7f7120000000 ---p 00000000 00:00 0 
7f7120000000-7f7121074000 rw-p 00000000 00:00 0 
7f7121074000-7f7124000000 ---p 00000000 00:00 0 
7f7128000000-7f712809e000 rw-p 00000000 00:00 0 
7f712809e000-7f712c000000 ---p 00000000 00:00 0 
7f712fbed000-7f712fbf0000 ---p 00000000 00:00 0 
7f712fbf0000-7f712fcee000 rw-p 00000000 00:00 0 
7f712fcee000-7f712fcf1000 ---p 00000000 00:00 0 
7f712fcf1000-7f712fdef000 rw-p 00000000 00:00 0 
7f712fdef000-7f712fe00000 r-xp 00000000 103:05 3947879                   /usr/lib/jvm/java-8-oracle/jre/lib/amd64/libnio.so
7f712fe00000-7f712ffff000 ---p 00011000 103:05 3947879                   /usr/lib/jvm/java-8-oracle/jre/lib/amd64/libnio.so
7f712ffff000-7f7130000000 rw-p 00010000 103:05 3947879                   /usr/lib/jvm/java-8-oracle/jre/lib/amd64/libnio.so
7f7130000000-7f7140000000 rw-p 00000000 00:00 0 
7f7140000000-7f7140c8c000 rw-p 00000000 00:00 0 
7f7140c8c000-7f7144000000 ---p 00000000 00:00 0 
7f7144054000-7f7144055000 ---p 00000000 00:00 0 
7f7144055000-7f7144155000 rw-p 00000000 00:00 0 
7f7144155000-7f7144158000 ---p 00000000 00:00 0 
7f7144158000-7f7144256000 rw-p 00000000 00:00 0 
7f7144256000-7f7144259000 ---p 00000000 00:00 0 
7f7144259000-7f7144357000 rw-p 00000000 00:00 0 
7f7144357000-7f714435a000 ---p 00000000 00:00 0 
7f714435a000-7f7147459000 rw-p 00000000 00:00 0 
7f7147459000-7f7147470000 r-xp 00000000 103:05 3947876                   /usr/lib/jvm/java-8-oracle/jre/lib/amd64/libnet.so
7f7147470000-7f714766f000 ---p 00017000 103:05 3947876                   /usr/lib/jvm/java-8-oracle/jre/lib/amd64/libnet.so
7f714766f000-7f7147670000 rw-p 00016000 103:05 3947876                   /usr/lib/jvm/java-8-oracle/jre/lib/amd64/libnet.so
7f7147670000-7f7147673000 ---p 00000000 00:00 0 
7f7147673000-7f7147771000 rw-p 00000000 00:00 0 
7f7147771000-7f7147774000 ---p 00000000 00:00 0 
7f7147774000-7f7147872000 rw-p 00000000 00:00 0 
7f7147872000-7f7147875000 ---p 00000000 00:00 0 
7f7147875000-7f7147973000 rw-p 00000000 00:00 0 
7f7147973000-7f7147976000 ---p 00000000 00:00 0 
7f7147976000-7f7147a74000 rw-p 00000000 00:00 0 
7f7147a74000-7f7147eff000 r--p 00000000 103:05 3670378                   /usr/lib/locale/locale-archive
7f7147eff000-7f7147f02000 ---p 00000000 00:00 0 
7f7147f02000-7f7148000000 rw-p 00000000 00:00 0 
7f7148000000-7f7148021000 rw-p 00000000 00:00 0 
7f7148021000-7f714c000000 ---p 00000000 00:00 0 
7f714c000000-7f714cec5000 rw-p 00000000 00:00 0 
7f714cec5000-7f7150000000 ---p 00000000 00:00 0 
7f7150000000-7f7150fc9000 rw-p 00000000 00:00 0 
7f7150fc9000-7f7154000000 ---p 00000000 00:00 0 
7f715407a000-7f7154096000 r--s 00393000 103:05 3947966                   /usr/lib/jvm/java-8-oracle/jre/lib/ext/cldrdata.jar
7f7154096000-7f71540a0000 r--s 00116000 103:05 3947974                   /usr/lib/jvm/java-8-oracle/jre/lib/ext/localedata.jar
7f71540a0000-7f71540cf000 r--s 00239000 103:06 791902                    /home/liuchang/Documents/study/wse/homework/hw3/WSE-Homework/ParseFile/lib/guava-21.0.jar
7f71540cf000-7f71540e2000 r--s 00345000 103:05 3947822                   /usr/lib/jvm/java-8-oracle/jre/lib/resources.jar
7f71540e2000-7f71540e5000 ---p 00000000 00:00 0 
7f71540e5000-7f71541e3000 rw-p 00000000 00:00 0 
7f71541e3000-7f71541e4000 ---p 00000000 00:00 0 
7f71541e4000-7f7155e4e000 rw-p 00000000 00:00 0 
7f7155e4e000-7f7156027000 r--s 03d5a000 103:05 3947818                   /usr/lib/jvm/java-8-oracle/jre/lib/rt.jar
7f7156027000-7f71567b8000 rw-p 00000000 00:00 0 
7f71567b8000-7f71568f8000 ---p 00000000 00:00 0 
7f71568f8000-7f71578f8000 rw-p 00000000 00:00 0 
7f71578f8000-7f71578f9000 ---p 00000000 00:00 0 
7f71578f9000-7f71579f9000 rw-p 00000000 00:00 0 
7f71579f9000-7f71579fa000 ---p 00000000 00:00 0 
7f71579fa000-7f7157afa000 rw-p 00000000 00:00 0 
7f7157afa000-7f7157afb000 ---p 00000000 00:00 0 
7f7157afb000-7f7157bfb000 rw-p 00000000 00:00 0 
7f7157bfb000-7f7157bfc000 ---p 00000000 00:00 0 
7f7157bfc000-7f7157cfc000 rw-p 00000000 00:00 0 
7f7157cfc000-7f7157cfd000 ---p 00000000 00:00 0 
7f7157cfd000-7f7157dfd000 rw-p 00000000 00:00 0 
7f7157dfd000-7f7157dfe000 ---p 00000000 00:00 0 
7f7157dfe000-7f7157efe000 rw-p 00000000 00:00 0 
7f7157efe000-7f7157eff000 ---p 00000000 00:00 0 
7f7157eff000-7f71587cc000 rw-p 00000000 00:00 0 
7f71587cc000-7f7158aa9000 ---p 00000000 00:00 0 
7f7158aa9000-7f7158fff000 rw-p 00000000 00:00 0 
7f7158fff000-7f7159000000 rw-p 00000000 00:00 0 
7f7159000000-7f7159380000 rwxp 00000000 00:00 0 
7f7159380000-7f7168000000 ---p 00000000 00:00 0 
7f7168000000-7f71683aa000 rw-p 00000000 00:00 0 
7f71683aa000-7f716c000000 ---p 00000000 00:00 0 
7f716c002000-7f716c004000 r--s 0001a000 103:05 4083058                   /usr/local/idea-IU-172.3968.16/lib/idea_rt.jar
7f716c004000-7f716c00a000 r--s 00033000 103:06 791792                    /home/liuchang/Documents/study/wse/homework/hw3/WSE-Homework/ParseFile/lib/gson-2.6.2.jar
7f716c00a000-7f716c00b000 ---p 00000000 00:00 0 
7f716c00b000-7f716c8d8000 rw-p 00000000 00:00 0 
7f716c8d8000-7f716cbb6000 ---p 00000000 00:00 0 
7f716cbb6000-7f716cbc4000 rw-p 00000000 00:00 0 
7f716cbc4000-7f716cf76000 ---p 00000000 00:00 0 
7f716cf76000-7f716cf91000 r-xp 00000000 103:05 3947872                   /usr/lib/jvm/java-8-oracle/jre/lib/amd64/libzip.so
7f716cf91000-7f716d191000 ---p 0001b000 103:05 3947872                   /usr/lib/jvm/java-8-oracle/jre/lib/amd64/libzip.so
7f716d191000-7f716d192000 rw-p 0001b000 103:05 3947872                   /usr/lib/jvm/java-8-oracle/jre/lib/amd64/libzip.so
7f716d192000-7f716d19d000 r-xp 00000000 103:05 4461319                   /lib/x86_64-linux-gnu/libnss_files-2.23.so
7f716d19d000-7f716d39c000 ---p 0000b000 103:05 4461319                   /lib/x86_64-linux-gnu/libnss_files-2.23.so
7f716d39c000-7f716d39d000 r--p 0000a000 103:05 4461319                   /lib/x86_64-linux-gnu/libnss_files-2.23.so
7f716d39d000-7f716d39e000 rw-p 0000b000 103:05 4461319                   /lib/x86_64-linux-gnu/libnss_files-2.23.so
7f716d39e000-7f716d3a4000 rw-p 00000000 00:00 0 
7f716d3a4000-7f716d3af000 r-xp 00000000 103:05 4461518                   /lib/x86_64-linux-gnu/libnss_nis-2.23.so
7f716d3af000-7f716d5ae000 ---p 0000b000 103:05 4461518                   /lib/x86_64-linux-gnu/libnss_nis-2.23.so
7f716d5ae000-7f716d5af000 r--p 0000a000 103:05 4461518                   /lib/x86_64-linux-gnu/libnss_nis-2.23.so
7f716d5af000-7f716d5b0000 rw-p 0000b000 103:05 4461518                   /lib/x86_64-linux-gnu/libnss_nis-2.23.so
7f716d5b0000-7f716d5c6000 r-xp 00000000 103:05 4461243                   /lib/x86_64-linux-gnu/libnsl-2.23.so
7f716d5c6000-7f716d7c5000 ---p 00016000 103:05 4461243                   /lib/x86_64-linux-gnu/libnsl-2.23.so
7f716d7c5000-7f716d7c6000 r--p 00015000 103:05 4461243                   /lib/x86_64-linux-gnu/libnsl-2.23.so
7f716d7c6000-7f716d7c7000 rw-p 00016000 103:05 4461243                   /lib/x86_64-linux-gnu/libnsl-2.23.so
7f716d7c7000-7f716d7c9000 rw-p 00000000 00:00 0 
7f716d7c9000-7f716d7d1000 r-xp 00000000 103:05 4461588                   /lib/x86_64-linux-gnu/libnss_compat-2.23.so
7f716d7d1000-7f716d9d0000 ---p 00008000 103:05 4461588                   /lib/x86_64-linux-gnu/libnss_compat-2.23.so
7f716d9d0000-7f716d9d1000 r--p 00007000 103:05 4461588                   /lib/x86_64-linux-gnu/libnss_compat-2.23.so
7f716d9d1000-7f716d9d2000 rw-p 00008000 103:05 4461588                   /lib/x86_64-linux-gnu/libnss_compat-2.23.so
7f716d9d2000-7f716d9dc000 r-xp 00000000 103:05 3947881                   /usr/lib/jvm/java-8-oracle/jre/lib/amd64/libinstrument.so
7f716d9dc000-7f716dbdb000 ---p 0000a000 103:05 3947881                   /usr/lib/jvm/java-8-oracle/jre/lib/amd64/libinstrument.so
7f716dbdb000-7f716dbdc000 rw-p 00009000 103:05 3947881                   /usr/lib/jvm/java-8-oracle/jre/lib/amd64/libinstrument.so
7f716dbdc000-7f716dc07000 r-xp 00000000 103:05 3947866                   /usr/lib/jvm/java-8-oracle/jre/lib/amd64/libjava.so
7f716dc07000-7f716de06000 ---p 0002b000 103:05 3947866                   /usr/lib/jvm/java-8-oracle/jre/lib/amd64/libjava.so
7f716de06000-7f716de08000 rw-p 0002a000 103:05 3947866                   /usr/lib/jvm/java-8-oracle/jre/lib/amd64/libjava.so
7f716de08000-7f716de15000 r-xp 00000000 103:05 3947871                   /usr/lib/jvm/java-8-oracle/jre/lib/amd64/libverify.so
7f716de15000-7f716e015000 ---p 0000d000 103:05 3947871                   /usr/lib/jvm/java-8-oracle/jre/lib/amd64/libverify.so
7f716e015000-7f716e017000 rw-p 0000d000 103:05 3947871                   /usr/lib/jvm/java-8-oracle/jre/lib/amd64/libverify.so
7f716e017000-7f716e01e000 r-xp 00000000 103:05 4461582                   /lib/x86_64-linux-gnu/librt-2.23.so
7f716e01e000-7f716e21d000 ---p 00007000 103:05 4461582                   /lib/x86_64-linux-gnu/librt-2.23.so
7f716e21d000-7f716e21e000 r--p 00006000 103:05 4461582                   /lib/x86_64-linux-gnu/librt-2.23.so
7f716e21e000-7f716e21f000 rw-p 00007000 103:05 4461582                   /lib/x86_64-linux-gnu/librt-2.23.so
7f716e21f000-7f716e327000 r-xp 00000000 103:05 4461653                   /lib/x86_64-linux-gnu/libm-2.23.so
7f716e327000-7f716e526000 ---p 00108000 103:05 4461653                   /lib/x86_64-linux-gnu/libm-2.23.so
7f716e526000-7f716e527000 r--p 00107000 103:05 4461653                   /lib/x86_64-linux-gnu/libm-2.23.so
7f716e527000-7f716e528000 rw-p 00108000 103:05 4461653                   /lib/x86_64-linux-gnu/libm-2.23.so
7f716e528000-7f716f1fb000 r-xp 00000000 103:05 3947894                   /usr/lib/jvm/java-8-oracle/jre/lib/amd64/server/libjvm.so
7f716f1fb000-7f716f3fa000 ---p 00cd3000 103:05 3947894                   /usr/lib/jvm/java-8-oracle/jre/lib/amd64/server/libjvm.so
7f716f3fa000-7f716f4d4000 rw-p 00cd2000 103:05 3947894                   /usr/lib/jvm/java-8-oracle/jre/lib/amd64/server/libjvm.so
7f716f4d4000-7f716f51f000 rw-p 00000000 00:00 0 
7f716f51f000-7f716f6df000 r-xp 00000000 103:05 4461926                   /lib/x86_64-linux-gnu/libc-2.23.so
7f716f6df000-7f716f8df000 ---p 001c0000 103:05 4461926                   /lib/x86_64-linux-gnu/libc-2.23.so
7f716f8df000-7f716f8e3000 r--p 001c0000 103:05 4461926                   /lib/x86_64-linux-gnu/libc-2.23.so
7f716f8e3000-7f716f8e5000 rw-p 001c4000 103:05 4461926                   /lib/x86_64-linux-gnu/libc-2.23.so
7f716f8e5000-7f716f8e9000 rw-p 00000000 00:00 0 
7f716f8e9000-7f716f8ec000 r-xp 00000000 103:05 4461587                   /lib/x86_64-linux-gnu/libdl-2.23.so
7f716f8ec000-7f716faeb000 ---p 00003000 103:05 4461587                   /lib/x86_64-linux-gnu/libdl-2.23.so
7f716faeb000-7f716faec000 r--p 00002000 103:05 4461587                   /lib/x86_64-linux-gnu/libdl-2.23.so
7f716faec000-7f716faed000 rw-p 00003000 103:05 4461587                   /lib/x86_64-linux-gnu/libdl-2.23.so
7f716faed000-7f716fb03000 r-xp 00000000 103:05 3819216                   /usr/lib/jvm/java-8-oracle/lib/amd64/jli/libjli.so
7f716fb03000-7f716fd02000 ---p 00016000 103:05 3819216                   /usr/lib/jvm/java-8-oracle/lib/amd64/jli/libjli.so
7f716fd02000-7f716fd03000 rw-p 00015000 103:05 3819216                   /usr/lib/jvm/java-8-oracle/lib/amd64/jli/libjli.so
7f716fd03000-7f716fd1b000 r-xp 00000000 103:05 4461346                   /lib/x86_64-linux-gnu/libpthread-2.23.so
7f716fd1b000-7f716ff1a000 ---p 00018000 103:05 4461346                   /lib/x86_64-linux-gnu/libpthread-2.23.so
7f716ff1a000-7f716ff1b000 r--p 00017000 103:05 4461346                   /lib/x86_64-linux-gnu/libpthread-2.23.so
7f716ff1b000-7f716ff1c000 rw-p 00018000 103:05 4461346                   /lib/x86_64-linux-gnu/libpthread-2.23.so
7f716ff1c000-7f716ff20000 rw-p 00000000 00:00 0 
7f716ff20000-7f716ff46000 r-xp 00000000 103:05 4461261                   /lib/x86_64-linux-gnu/ld-2.23.so
7f716ff47000-7f716ff5a000 r--s 000d6000 103:05 3947766                   /usr/lib/jvm/java-8-oracle/jre/lib/plugin.jar
7f716ff5a000-7f716ff5f000 r--s 0009a000 103:05 3947823                   /usr/lib/jvm/java-8-oracle/jre/lib/jsse.jar
7f716ff5f000-7f716ff64000 r--s 00084000 103:05 3947741                   /usr/lib/jvm/java-8-oracle/jre/lib/jfr.jar
7f716ff64000-7f716ff7f000 r--s 0020b000 103:05 3947742                   /usr/lib/jvm/java-8-oracle/jre/lib/deploy.jar
7f716ff7f000-7f717001f000 rw-p 00000000 00:00 0 
7f717001f000-7f7170022000 ---p 00000000 00:00 0 
7f7170022000-7f7170124000 rw-p 00000000 00:00 0 
7f7170124000-7f7170125000 r--s 00000000 103:05 3947748                   /usr/lib/jvm/java-8-oracle/jre/lib/management-agent.jar
7f7170125000-7f7170127000 r--s 00007000 103:05 3947900                   /usr/lib/jvm/java-8-oracle/jre/lib/jfxswt.jar
7f7170127000-7f717012a000 r--s 0001a000 103:05 3947898                   /usr/lib/jvm/java-8-oracle/jre/lib/jce.jar
7f717012a000-7f7170134000 r--s 0006c000 103:05 3947751                   /usr/lib/jvm/java-8-oracle/jre/lib/javaws.jar
7f7170134000-7f7170139000 r--s 002f9000 103:05 3947816                   /usr/lib/jvm/java-8-oracle/jre/lib/charsets.jar
7f7170139000-7f7170141000 rw-s 00000000 103:05 3028624                   /tmp/hsperfdata_liuchang/29598
7f7170141000-7f7170142000 rw-p 00000000 00:00 0 
7f7170142000-7f7170143000 ---p 00000000 00:00 0 
7f7170143000-7f7170145000 rw-p 00000000 00:00 0 
7f7170145000-7f7170146000 r--p 00025000 103:05 4461261                   /lib/x86_64-linux-gnu/ld-2.23.so
7f7170146000-7f7170147000 rw-p 00026000 103:05 4461261                   /lib/x86_64-linux-gnu/ld-2.23.so
7f7170147000-7f7170148000 rw-p 00000000 00:00 0 
7fffdd7ba000-7fffdd7db000 rw-p 00000000 00:00 0                          [stack]
7fffdd7f3000-7fffdd7f5000 r--p 00000000 00:00 0                          [vvar]
7fffdd7f5000-7fffdd7f7000 r-xp 00000000 00:00 0                          [vdso]
ffffffffff600000-ffffffffff601000 r-xp 00000000 00:00 0                  [vsyscall]

VM Arguments:
jvm_args: -Xmx8192m -javaagent:/usr/local/idea-IU-172.3968.16/lib/idea_rt.jar=42007:/usr/local/idea-IU-172.3968.16/bin -Dfile.encoding=UTF-8 
java_command: nyu.edu.wse.hw.main.QueryExecution
java_class_path (initial): /usr/lib/jvm/java-8-oracle/jre/lib/charsets.jar:/usr/lib/jvm/java-8-oracle/jre/lib/deploy.jar:/usr/lib/jvm/java-8-oracle/jre/lib/ext/cldrdata.jar:/usr/lib/jvm/java-8-oracle/jre/lib/ext/dnsns.jar:/usr/lib/jvm/java-8-oracle/jre/lib/ext/jaccess.jar:/usr/lib/jvm/java-8-oracle/jre/lib/ext/jfxrt.jar:/usr/lib/jvm/java-8-oracle/jre/lib/ext/localedata.jar:/usr/lib/jvm/java-8-oracle/jre/lib/ext/nashorn.jar:/usr/lib/jvm/java-8-oracle/jre/lib/ext/sunec.jar:/usr/lib/jvm/java-8-oracle/jre/lib/ext/sunjce_provider.jar:/usr/lib/jvm/java-8-oracle/jre/lib/ext/sunpkcs11.jar:/usr/lib/jvm/java-8-oracle/jre/lib/ext/zipfs.jar:/usr/lib/jvm/java-8-oracle/jre/lib/javaws.jar:/usr/lib/jvm/java-8-oracle/jre/lib/jce.jar:/usr/lib/jvm/java-8-oracle/jre/lib/jfr.jar:/usr/lib/jvm/java-8-oracle/jre/lib/jfxswt.jar:/usr/lib/jvm/java-8-oracle/jre/lib/jsse.jar:/usr/lib/jvm/java-8-oracle/jre/lib/management-agent.jar:/usr/lib/jvm/java-8-oracle/jre/lib/plugin.jar:/usr/lib/jvm/java-8-oracle/jre/lib/resources.jar:/usr/lib/jvm/java-8-oracle/jre/lib/rt.jar:/home/liuchang/Documents/study/wse/homework/hw3/WSE-Homework/ParseFile/out/production/ParseFile:/home/liuchang/Documents/study/wse/homework/hw3/WSE-Homework/ParseFile/lib/guava-21.0.jar:/home/liuchang/Documents/study/wse/homework/hw3/WSE-Homework/ParseFile/lib/gson-2.6.2.jar:/usr/local/idea-IU-172.3968.16/lib/idea_rt.jar
Launcher Type: SUN_STANDARD

Environment Variables:
JAVA_HOME=/usr/lib/jvm/java-8-oracle
PATH=/home/liuchang/bin:/home/liuchang/.local/bin:/usr/local/sbin:/usr/local/bin:/usr/sbin:/usr/bin:/sbin:/bin:/usr/games:/usr/local/games:/snap/bin:/usr/lib/jvm/java-8-oracle/bin:/usr/lib/jvm/java-8-oracle/db/bin:/usr/lib/jvm/java-8-oracle/jre/bin
LD_LIBRARY_PATH=/usr/local/idea-IU-172.3968.16/bin:
SHELL=/bin/bash
DISPLAY=:0

Signal Handlers:
SIGSEGV: [libjvm.so+0xacbe10], sa_mask[0]=11111111011111111101111111111110, sa_flags=SA_RESTART|SA_SIGINFO
SIGBUS: [libjvm.so+0xacbe10], sa_mask[0]=11111111011111111101111111111110, sa_flags=SA_RESTART|SA_SIGINFO
SIGFPE: [libjvm.so+0x924f90], sa_mask[0]=11111111011111111101111111111110, sa_flags=SA_RESTART|SA_SIGINFO
SIGPIPE: [libjvm.so+0x924f90], sa_mask[0]=11111111011111111101111111111110, sa_flags=SA_RESTART|SA_SIGINFO
SIGXFSZ: [libjvm.so+0x924f90], sa_mask[0]=11111111011111111101111111111110, sa_flags=SA_RESTART|SA_SIGINFO
SIGILL: [libjvm.so+0x924f90], sa_mask[0]=11111111011111111101111111111110, sa_flags=SA_RESTART|SA_SIGINFO
SIGUSR1: SIG_DFL, sa_mask[0]=00000000000000000000000000000000, sa_flags=none
SIGUSR2: [libjvm.so+0x9267d0], sa_mask[0]=00100000000000000000000000000000, sa_flags=SA_RESTART|SA_SIGINFO
SIGHUP: [libjvm.so+0x927bd0], sa_mask[0]=11111111011111111101111111111110, sa_flags=SA_RESTART|SA_SIGINFO
SIGINT: [libjvm.so+0x927bd0], sa_mask[0]=11111111011111111101111111111110, sa_flags=SA_RESTART|SA_SIGINFO
SIGTERM: [libjvm.so+0x927bd0], sa_mask[0]=11111111011111111101111111111110, sa_flags=SA_RESTART|SA_SIGINFO
SIGQUIT: [libjvm.so+0x927bd0], sa_mask[0]=11111111011111111101111111111110, sa_flags=SA_RESTART|SA_SIGINFO


---------------  S Y S T E M  ---------------

OS:DISTRIB_ID=Ubuntu
DISTRIB_RELEASE=16.04
DISTRIB_CODENAME=xenial
DISTRIB_DESCRIPTION="Ubuntu 16.04.3 LTS"

uname:Linux 4.10.0-38-generic #42~16.04.1-Ubuntu SMP Tue Oct 10 16:32:20 UTC 2017 x86_64
libc:glibc 2.23 NPTL 2.23 
rlimit: STACK 8192k, CORE 0k, NPROC 63156, NOFILE 1048576, AS infinity
load average:2.02 2.29 1.70

/proc/meminfo:
MemTotal:       16294872 kB
MemFree:          174344 kB
MemAvailable:     840980 kB
Buffers:          149932 kB
Cached:          2095564 kB
SwapCached:            0 kB
Active:         13847132 kB
Inactive:        1762192 kB
Active(anon):   13366860 kB
Inactive(anon):  1392104 kB
Active(file):     480272 kB
Inactive(file):   370088 kB
Unevictable:         800 kB
Mlocked:             800 kB
SwapTotal:             0 kB
SwapFree:              0 kB
Dirty:             10344 kB
Writeback:             0 kB
AnonPages:      13230860 kB
Mapped:          1121780 kB
Shmem:           1394536 kB
Slab:             246488 kB
SReclaimable:     156704 kB
SUnreclaim:        89784 kB
KernelStack:       21904 kB
PageTables:       114432 kB
NFS_Unstable:          0 kB
Bounce:                0 kB
WritebackTmp:          0 kB
CommitLimit:     8147436 kB
Committed_AS:   26268840 kB
VmallocTotal:   34359738367 kB
VmallocUsed:           0 kB
VmallocChunk:          0 kB
HardwareCorrupted:     0 kB
AnonHugePages:   3739648 kB
ShmemHugePages:        0 kB
ShmemPmdMapped:        0 kB
CmaTotal:              0 kB
CmaFree:               0 kB
HugePages_Total:       0
HugePages_Free:        0
HugePages_Rsvd:        0
HugePages_Surp:        0
Hugepagesize:       2048 kB
DirectMap4k:      470848 kB
DirectMap2M:    16171008 kB
DirectMap1G:     1048576 kB


CPU:total 8 (initial active 8) (4 cores per cpu, 2 threads per core) family 6 model 94 stepping 3, cmov, cx8, fxsr, mmx, sse, sse2, sse3, ssse3, sse4.1, sse4.2, popcnt, avx, avx2, aes, clmul, erms, rtm, 3dnowpref, lzcnt, ht, tsc, tscinvbit, bmi1, bmi2, adx

/proc/cpuinfo:
processor	: 0
vendor_id	: GenuineIntel
cpu family	: 6
model		: 94
model name	: Intel(R) Core(TM) i7-6700HQ CPU @ 2.60GHz
stepping	: 3
microcode	: 0x9e
cpu MHz		: 3223.974
cache size	: 6144 KB
physical id	: 0
siblings	: 8
core id		: 0
cpu cores	: 4
apicid		: 0
initial apicid	: 0
fpu		: yes
fpu_exception	: yes
cpuid level	: 22
wp		: yes
flags		: fpu vme de pse tsc msr pae mce cx8 apic sep mtrr pge mca cmov pat pse36 clflush dts acpi mmx fxsr sse sse2 ss ht tm pbe syscall nx pdpe1gb rdtscp lm constant_tsc art arch_perfmon pebs bts rep_good nopl xtopology nonstop_tsc aperfmperf tsc_known_freq pni pclmulqdq dtes64 monitor ds_cpl vmx est tm2 ssse3 sdbg fma cx16 xtpr pdcm pcid sse4_1 sse4_2 x2apic movbe popcnt tsc_deadline_timer aes xsave avx f16c rdrand lahf_lm abm 3dnowprefetch epb intel_pt tpr_shadow vnmi flexpriority ept vpid fsgsbase tsc_adjust bmi1 hle avx2 smep bmi2 erms invpcid rtm mpx rdseed adx smap clflushopt xsaveopt xsavec xgetbv1 xsaves dtherm ida arat pln pts hwp hwp_notify hwp_act_window hwp_epp
bugs		:
bogomips	: 5184.00
clflush size	: 64
cache_alignment	: 64
address sizes	: 39 bits physical, 48 bits virtual
power management:

processor	: 1
vendor_id	: GenuineIntel
cpu family	: 6
model		: 94
model name	: Intel(R) Core(TM) i7-6700HQ CPU @ 2.60GHz
stepping	: 3
microcode	: 0x9e
cpu MHz		: 3193.347
cache size	: 6144 KB
physical id	: 0
siblings	: 8
core id		: 1
cpu cores	: 4
apicid		: 2
initial apicid	: 2
fpu		: yes
fpu_exception	: yes
cpuid level	: 22
wp		: yes
flags		: fpu vme de pse tsc msr pae mce cx8 apic sep mtrr pge mca cmov pat pse36 clflush dts acpi mmx fxsr sse sse2 ss ht tm pbe syscall nx pdpe1gb rdtscp lm constant_tsc art arch_perfmon pebs bts rep_good nopl xtopology nonstop_tsc aperfmperf tsc_known_freq pni pclmulqdq dtes64 monitor ds_cpl vmx est tm2 ssse3 sdbg fma cx16 xtpr pdcm pcid sse4_1 sse4_2 x2apic movbe popcnt tsc_deadline_timer aes xsave avx f16c rdrand lahf_lm abm 3dnowprefetch epb intel_pt tpr_shadow vnmi flexpriority ept vpid fsgsbase tsc_adjust bmi1 hle avx2 smep bmi2 erms invpcid rtm mpx rdseed adx smap clflushopt xsaveopt xsavec xgetbv1 xsaves dtherm ida arat pln pts hwp hwp_notify hwp_act_window hwp_epp
bugs		:
bogomips	: 5184.00
clflush size	: 64
cache_alignment	: 64
address sizes	: 39 bits physical, 48 bits virtual
power management:

processor	: 2
vendor_id	: GenuineIntel
cpu family	: 6
model		: 94
model name	: Intel(R) Core(TM) i7-6700HQ CPU @ 2.60GHz
stepping	: 3
microcode	: 0x9e
cpu MHz		: 3325.061
cache size	: 6144 KB
physical id	: 0
siblings	: 8
core id		: 2
cpu cores	: 4
apicid		: 4
initial apicid	: 4
fpu		: yes
fpu_exception	: yes
cpuid level	: 22
wp		: yes
flags		: fpu vme de pse tsc msr pae mce cx8 apic sep mtrr pge mca cmov pat pse36 clflush dts acpi mmx fxsr sse sse2 ss ht tm pbe syscall nx pdpe1gb rdtscp lm constant_tsc art arch_perfmon pebs bts rep_good nopl xtopology nonstop_tsc aperfmperf tsc_known_freq pni pclmulqdq dtes64 monitor ds_cpl vmx est tm2 ssse3 sdbg fma cx16 xtpr pdcm pcid sse4_1 sse4_2 x2apic movbe popcnt tsc_deadline_timer aes xsave avx f16c rdrand lahf_lm abm 3dnowprefetch epb intel_pt tpr_shadow vnmi flexpriority ept vpid fsgsbase tsc_adjust bmi1 hle avx2 smep bmi2 erms invpcid rtm mpx rdseed adx smap clflushopt xsaveopt xsavec xgetbv1 xsaves dtherm ida arat pln pts hwp hwp_notify hwp_act_window hwp_epp
bugs		:
bogomips	: 5184.00
clflush size	: 64
cache_alignment	: 64
address sizes	: 39 bits physical, 48 bits virtual
power management:

processor	: 3
vendor_id	: GenuineIntel
cpu family	: 6
model		: 94
model name	: Intel(R) Core(TM) i7-6700HQ CPU @ 2.60GHz
stepping	: 3
microcode	: 0x9e
cpu MHz		: 3243.969
cache size	: 6144 KB
physical id	: 0
siblings	: 8
core id		: 3
cpu cores	: 4
apicid		: 6
initial apicid	: 6
fpu		: yes
fpu_exception	: yes
cpuid level	: 22
wp		: yes
flags		: fpu vme de pse tsc msr pae mce cx8 apic sep mtrr pge mca cmov pat pse36 clflush dts acpi mmx fxsr sse sse2 ss ht tm pbe syscall nx pdpe1gb rdtscp lm constant_tsc art arch_perfmon pebs bts rep_good nopl xtopology nonstop_tsc aperfmperf tsc_known_freq pni pclmulqdq dtes64 monitor ds_cpl vmx est tm2 ssse3 sdbg fma cx16 xtpr pdcm pcid sse4_1 sse4_2 x2apic movbe popcnt tsc_deadline_timer aes xsave avx f16c rdrand lahf_lm abm 3dnowprefetch epb intel_pt tpr_shadow vnmi flexpriority ept vpid fsgsbase tsc_adjust bmi1 hle avx2 smep bmi2 erms invpcid rtm mpx rdseed adx smap clflushopt xsaveopt xsavec xgetbv1 xsaves dtherm ida arat pln pts hwp hwp_notify hwp_act_window hwp_epp
bugs		:
bogomips	: 5184.00
clflush size	: 64
cache_alignment	: 64
address sizes	: 39 bits physical, 48 bits virtual
power management:

processor	: 4
vendor_id	: GenuineIntel
cpu family	: 6
model		: 94
model name	: Intel(R) Core(TM) i7-6700HQ CPU @ 2.60GHz
stepping	: 3
microcode	: 0x9e
cpu MHz		: 3222.229
cache size	: 6144 KB
physical id	: 0
siblings	: 8
core id		: 0
cpu cores	: 4
apicid		: 1
initial apicid	: 1
fpu		: yes
fpu_exception	: yes
cpuid level	: 22
wp		: yes
flags		: fpu vme de pse tsc msr pae mce cx8 apic sep mtrr pge mca cmov pat pse36 clflush dts acpi mmx fxsr sse sse2 ss ht tm pbe syscall nx pdpe1gb rdtscp lm constant_tsc art arch_perfmon pebs bts rep_good nopl xtopology nonstop_tsc aperfmperf tsc_known_freq pni pclmulqdq dtes64 monitor ds_cpl vmx est tm2 ssse3 sdbg fma cx16 xtpr pdcm pcid sse4_1 sse4_2 x2apic movbe popcnt tsc_deadline_timer aes xsave avx f16c rdrand lahf_lm abm 3dnowprefetch epb intel_pt tpr_shadow vnmi flexpriority ept vpid fsgsbase tsc_adjust bmi1 hle avx2 smep bmi2 erms invpcid rtm mpx rdseed adx smap clflushopt xsaveopt xsavec xgetbv1 xsaves dtherm ida arat pln pts hwp hwp_notify hwp_act_window hwp_epp
bugs		:
bogomips	: 5184.00
clflush size	: 64
cache_alignment	: 64
address sizes	: 39 bits physical, 48 bits virtual
power management:

processor	: 5
vendor_id	: GenuineIntel
cpu family	: 6
model		: 94
model name	: Intel(R) Core(TM) i7-6700HQ CPU @ 2.60GHz
stepping	: 3
microcode	: 0x9e
cpu MHz		: 3211.279
cache size	: 6144 KB
physical id	: 0
siblings	: 8
core id		: 1
cpu cores	: 4
apicid		: 3
initial apicid	: 3
fpu		: yes
fpu_exception	: yes
cpuid level	: 22
wp		: yes
flags		: fpu vme de pse tsc msr pae mce cx8 apic sep mtrr pge mca cmov pat pse36 clflush dts acpi mmx fxsr sse sse2 ss ht tm pbe syscall nx pdpe1gb rdtscp lm constant_tsc art arch_perfmon pebs bts rep_good nopl xtopology nonstop_tsc aperfmperf tsc_known_freq pni pclmulqdq dtes64 monitor ds_cpl vmx est tm2 ssse3 sdbg fma cx16 xtpr pdcm pcid sse4_1 sse4_2 x2apic movbe popcnt tsc_deadline_timer aes xsave avx f16c rdrand lahf_lm abm 3dnowprefetch epb intel_pt tpr_shadow vnmi flexpriority ept vpid fsgsbase tsc_adjust bmi1 hle avx2 smep bmi2 erms invpcid rtm mpx rdseed adx smap clflushopt xsaveopt xsavec xgetbv1 xsaves dtherm ida arat pln pts hwp hwp_notify hwp_act_window hwp_epp
bugs		:
bogomips	: 5184.00
clflush size	: 64
cache_alignment	: 64
address sizes	: 39 bits physical, 48 bits virtual
power management:

processor	: 6
vendor_id	: GenuineIntel
cpu family	: 6
model		: 94
model name	: Intel(R) Core(TM) i7-6700HQ CPU @ 2.60GHz
stepping	: 3
microcode	: 0x9e
cpu MHz		: 3294.592
cache size	: 6144 KB
physical id	: 0
siblings	: 8
core id		: 2
cpu cores	: 4
apicid		: 5
initial apicid	: 5
fpu		: yes
fpu_exception	: yes
cpuid level	: 22
wp		: yes
flags		: fpu vme de pse tsc msr pae mce cx8 apic sep mtrr pge mca cmov pat pse36 clflush dts acpi mmx fxsr sse sse2 ss ht tm pbe syscall nx pdpe1gb rdtscp lm constant_tsc art arch_perfmon pebs bts rep_good nopl xtopology nonstop_tsc aperfmperf tsc_known_freq pni pclmulqdq dtes64 monitor ds_cpl vmx est tm2 ssse3 sdbg fma cx16 xtpr pdcm pcid sse4_1 sse4_2 x2apic movbe popcnt tsc_deadline_timer aes xsave avx f16c rdrand lahf_lm abm 3dnowprefetch epb intel_pt tpr_shadow vnmi flexpriority ept vpid fsgsbase tsc_adjust bmi1 hle avx2 smep bmi2 erms invpcid rtm mpx rdseed adx smap clflushopt xsaveopt xsavec xgetbv1 xsaves dtherm ida arat pln pts hwp hwp_notify hwp_act_window hwp_epp
bugs		:
bogomips	: 5184.00
clflush size	: 64
cache_alignment	: 64
address sizes	: 39 bits physical, 48 bits virtual
power management:

processor	: 7
vendor_id	: GenuineIntel
cpu family	: 6
model		: 94
model name	: Intel(R) Core(TM) i7-6700HQ CPU @ 2.60GHz
stepping	: 3
microcode	: 0x9e
cpu MHz		: 3248.571
cache size	: 6144 KB
physical id	: 0
siblings	: 8
core id		: 3
cpu cores	: 4
apicid		: 7
initial apicid	: 7
fpu		: yes
fpu_exception	: yes
cpuid level	: 22
wp		: yes
flags		: fpu vme de pse tsc msr pae mce cx8 apic sep mtrr pge mca cmov pat pse36 clflush dts acpi mmx fxsr sse sse2 ss ht tm pbe syscall nx pdpe1gb rdtscp lm constant_tsc art arch_perfmon pebs bts rep_good nopl xtopology nonstop_tsc aperfmperf tsc_known_freq pni pclmulqdq dtes64 monitor ds_cpl vmx est tm2 ssse3 sdbg fma cx16 xtpr pdcm pcid sse4_1 sse4_2 x2apic movbe popcnt tsc_deadline_timer aes xsave avx f16c rdrand lahf_lm abm 3dnowprefetch epb intel_pt tpr_shadow vnmi flexpriority ept vpid fsgsbase tsc_adjust bmi1 hle avx2 smep bmi2 erms invpcid rtm mpx rdseed adx smap clflushopt xsaveopt xsavec xgetbv1 xsaves dtherm ida arat pln pts hwp hwp_notify hwp_act_window hwp_epp
bugs		:
bogomips	: 5184.00
clflush size	: 64
cache_alignment	: 64
address sizes	: 39 bits physical, 48 bits virtual
power management:



Memory: 4k page, physical 16294872k(174344k free), swap 0k(0k free)

vm_info: Java HotSpot(TM) 64-Bit Server VM (25.151-b12) for linux-amd64 JRE (1.8.0_151-b12), built on Sep  5 2017 19:20:58 by "java_re" with gcc 4.3.0 20080428 (Red Hat 4.3.0-8)

time: Wed Nov  8 17:11:28 2017
elapsed time: 212 seconds (0d 0h 3m 32s)

